<?xml version="1.0" encoding="UTF-8"?>
<!-- Generated by org.testng.reporters.JUnitReportReporter -->
<testsuite hostname="Galinas-Air" name="com.sqa.gy.jqueryActions.JAResizableTest" tests="1" failures="0" timestamp="16 Feb 2017 05:21:30 GMT" time="10.829" errors="0">
  <testcase name="testDraggable" time="10.829" classname="com.sqa.gy.jqueryActions.JAResizableTest"/>
</testsuite> <!-- com.sqa.gy.jqueryActions.JAResizableTest -->
