<?xml version="1.0" encoding="UTF-8"?>
<!-- Generated by org.testng.reporters.JUnitReportReporter -->
<testsuite hostname="Galinas-Air" name="com.sqa.gy.jqueryActions.JQDroppableTest" tests="1" failures="0" timestamp="16 Feb 2017 04:27:22 GMT" time="9.479" errors="0">
  <testcase name="testDroppable" time="9.479" classname="com.sqa.gy.jqueryActions.JQDroppableTest"/>
</testsuite> <!-- com.sqa.gy.jqueryActions.JQDroppableTest -->
