<?xml version="1.0" encoding="UTF-8"?>
<!-- Generated by org.testng.reporters.JUnitReportReporter -->
<testsuite hostname="Galinas-Air" name="com.sqa.gy.jqueryActions.JQSelectableTest" tests="1" failures="0" timestamp="16 Feb 2017 05:42:47 GMT" time="9.356" errors="0">
  <testcase name="testSelectable" time="9.356" classname="com.sqa.gy.jqueryActions.JQSelectableTest"/>
</testsuite> <!-- com.sqa.gy.jqueryActions.JQSelectableTest -->
