<?xml version="1.0" encoding="UTF-8"?>
<!-- Generated by org.testng.reporters.JUnitReportReporter -->
<testsuite hostname="Galinas-Air" name="com.sqa.gy.jqueryActions.JQSortableTest" tests="1" failures="0" timestamp="18 Feb 2017 21:17:06 GMT" time="10.348" errors="0">
  <testcase name="testSortable" time="10.348" classname="com.sqa.gy.jqueryActions.JQSortableTest"/>
</testsuite> <!-- com.sqa.gy.jqueryActions.JQSortableTest -->
