<?xml version="1.0" encoding="UTF-8"?>
<!-- Generated by org.testng.reporters.JUnitReportReporter -->
<testsuite hostname="Galinas-Air" name="com.sqa.gy.jqueryActions.JQDraggableTest" tests="1" failures="0" timestamp="16 Feb 2017 04:13:13 GMT" time="9.617" errors="0">
  <testcase name="testDraggable" time="9.617" classname="com.sqa.gy.jqueryActions.JQDraggableTest"/>
</testsuite> <!-- com.sqa.gy.jqueryActions.JQDraggableTest -->
